\BOOKMARK [1][-]{section.1}{Introduction}{}% 1
\BOOKMARK [1][-]{section.2}{Sub-model 1: SID-The dispersal of the Azrael in ideal cases}{}% 2
\BOOKMARK [2][-]{subsection.2.1}{Symbols and Notations}{section.2}% 3
\BOOKMARK [2][-]{subsection.2.2}{Analysis and Assumptions}{section.2}% 4
\BOOKMARK [2][-]{subsection.2.3}{Model Description}{section.2}% 5
\BOOKMARK [2][-]{subsection.2.4}{Experiment Result}{section.2}% 6
\BOOKMARK [2][-]{subsection.2.5}{Strengths and Weaknesses}{section.2}% 7
\BOOKMARK [1][-]{section.3}{Sub-model 2: SPARD-Improved EVD dynamic dispersal model}{}% 8
\BOOKMARK [2][-]{subsection.3.1}{Symbols and Notations}{section.3}% 9
\BOOKMARK [2][-]{subsection.3.2}{Analysis and Assumptions}{section.3}% 10
\BOOKMARK [2][-]{subsection.3.3}{Model Description}{section.3}% 11
\BOOKMARK [3][-]{subsubsection.3.3.1}{General Model}{subsection.3.3}% 12
\BOOKMARK [3][-]{subsubsection.3.3.2}{Objective Condition Model}{subsection.3.3}% 13
\BOOKMARK [3][-]{subsubsection.3.3.3}{S-P Transition Model}{subsection.3.3}% 14
\BOOKMARK [3][-]{subsubsection.3.3.4}{A-D Transition Model}{subsection.3.3}% 15
\BOOKMARK [3][-]{subsubsection.3.3.5}{P-A Transition Model}{subsection.3.3}% 16
\BOOKMARK [3][-]{subsubsection.3.3.6}{P-R Transition Model}{subsection.3.3}% 17
\BOOKMARK [3][-]{subsubsection.3.3.7}{S-R Transition Model}{subsection.3.3}% 18
\BOOKMARK [3][-]{subsubsection.3.3.8}{Medication Demand and EWS}{subsection.3.3}% 19
\BOOKMARK [3][-]{subsubsection.3.3.9}{Transport Optimization}{subsection.3.3}% 20
\BOOKMARK [2][-]{subsection.3.4}{Experiment Result}{section.3}% 21
\BOOKMARK [2][-]{subsection.3.5}{Strengths and Weaknesses}{section.3}% 22
\BOOKMARK [1][-]{section.4}{Conclusion}{}% 23
\BOOKMARK [1][-]{section.5}{The non-technical letter}{}% 24
\BOOKMARK [1][-]{section*.2}{Appendices}{}% 25
\BOOKMARK [1][-]{Appendix.a.A}{Appendix Raw data in SPARD model}{}% 26
\BOOKMARK [2][-]{subsection.a.A.1}{Western African city data used in our simulation}{Appendix.a.A}% 27
\BOOKMARK [2][-]{subsection.a.A.2}{Simulation raw data of S, P, A\(sampled with 5 days interval}{Appendix.a.A}% 28
