\BOOKMARK [1][-]{section.1}{Introduction}{}% 1
\BOOKMARK [1][-]{section.2}{Symbol Descriptions}{}% 2
\BOOKMARK [1][-]{section.3}{Solution for sub-problem 1}{}% 3
\BOOKMARK [2][-]{subsection.3.1}{Analysis and Assumptions}{section.3}% 4
\BOOKMARK [2][-]{subsection.3.2}{Models}{section.3}% 5
\BOOKMARK [2][-]{subsection.3.3}{Experiment Result and Analysis}{section.3}% 6
\BOOKMARK [1][-]{section.4}{Solution for sub-problem 2}{}% 7
\BOOKMARK [2][-]{subsection.4.1}{Analysis and Assumptions}{section.4}% 8
\BOOKMARK [2][-]{subsection.4.2}{Models}{section.4}% 9
\BOOKMARK [3][-]{subsubsection.4.2.1}{Support Vector Machine regression}{subsection.4.2}% 10
\BOOKMARK [3][-]{subsubsection.4.2.2}{Classification and Regression Tree}{subsection.4.2}% 11
\BOOKMARK [3][-]{subsubsection.4.2.3}{Collaborative Filtering Algorithm}{subsection.4.2}% 12
\BOOKMARK [2][-]{subsection.4.3}{Experiment Result and Analysis}{section.4}% 13
\BOOKMARK [1][-]{section.5}{Solution for sub-problem 3}{}% 14
\BOOKMARK [2][-]{subsection.5.1}{Analysis and Assumptions}{section.5}% 15
\BOOKMARK [2][-]{subsection.5.2}{Models}{section.5}% 16
\BOOKMARK [2][-]{subsection.5.3}{Experiment Result and Analysis}{section.5}% 17
\BOOKMARK [1][-]{section.6}{Conclusion}{}% 18
\BOOKMARK [1][-]{section*.2}{Appendices}{}% 19
\BOOKMARK [1][-]{Appendix.a.A}{Appendix Codes}{}% 20
\BOOKMARK [2][-]{subsection.a.A.1}{Codes for sub-problem 1}{Appendix.a.A}% 21
\BOOKMARK [2][-]{subsection.a.A.2}{Codes for sub-problem 2, 3}{Appendix.a.A}% 22
